Rv0678.1	KEEP	Made into gene. strand=+, frame=0
ahpC.1	KEEP	Made into gene. strand=+, frame=0
alr.1	KEEP	Made into gene. strand=+, frame=0
drrA.1	KEEP	Made into gene. strand=+, frame=0
embA.1	KEEP	Made into gene. strand=+, frame=0
embB.1	KEEP	Made into gene. strand=+, frame=0
embC.1	KEEP	Made into gene. strand=+, frame=0
embR.1	KEEP	Made into gene. strand=+, frame=0
ethA.1	KEEP	Made into gene. strand=+, frame=0
ethR.1	KEEP	Made into gene. strand=+, frame=0
folC.1	KEEP	Made into gene. strand=+, frame=0
gidB.1	KEEP	Made into gene. strand=+, frame=0
gyrA.1	KEEP	Made into gene. strand=+, frame=0
gyrB.1	KEEP	Made into gene. strand=+, frame=0
inhA.1	KEEP	Made into gene. strand=+, frame=0
iniA.1	KEEP	Made into gene. strand=+, frame=0
kasA.1	KEEP	Made into gene. strand=+, frame=0
katG.1	KEEP	Made into gene. strand=+, frame=0
panD.1	KEEP	Made into gene. strand=+, frame=0
pncA.1	KEEP	Made into gene. strand=+, frame=0
ribD.1	KEEP	Made into gene. strand=+, frame=0
rplC.1	KEEP	Made into gene. strand=+, frame=0
rpoB.1	KEEP	Made into gene. strand=+, frame=0
rpoC.1	KEEP	Made into gene. strand=+, frame=0
rpsA.1	KEEP	Made into gene. strand=+, frame=0
rpsL.1	KEEP	Made into gene. strand=+, frame=0
thyA.1	KEEP	Made into gene. strand=+, frame=0
tlyA.1	KEEP	Made into gene. strand=+, frame=0
ubiA.1	KEEP	Made into gene. strand=+, frame=0
